<?xml version="1.0" encoding="UTF-8"?>
<testng-results ignored="0" total="1" passed="1" failed="0" skipped="0">
  <reporter-output>
  </reporter-output>
  <suite started-at="2026-06-06T21:40:01 IST" name="Test Suite" finished-at="2026-06-06T21:40:12 IST" duration-ms="11446">
    <groups>
    </groups>
    <test started-at="2026-06-06T21:40:01 IST" name="LoginTest" finished-at="2026-06-06T21:40:12 IST" duration-ms="11446">
      <class name="tests.LoginTest">
        <test-method is-config="true" signature="setup()[pri:0, instance:tests.LoginTest@52bf72b5]" started-at="2026-06-06T21:40:01 IST" name="setup" finished-at="2026-06-06T21:40:11 IST" duration-ms="9886" status="PASS">
          <reporter-output>
          </reporter-output>
        </test-method> <!-- setup -->
        <test-method signature="loginTest()[pri:0, instance:tests.LoginTest@52bf72b5]" started-at="2026-06-06T21:40:11 IST" name="loginTest" finished-at="2026-06-06T21:40:12 IST" duration-ms="1399" status="PASS">
          <reporter-output>
          </reporter-output>
        </test-method> <!-- loginTest -->
        <test-method is-config="true" signature="tearDown()[pri:0, instance:tests.LoginTest@52bf72b5]" started-at="2026-06-06T21:40:12 IST" name="tearDown" finished-at="2026-06-06T21:40:12 IST" duration-ms="121" status="PASS">
          <reporter-output>
          </reporter-output>
        </test-method> <!-- tearDown -->
      </class> <!-- tests.LoginTest -->
    </test> <!-- LoginTest -->
  </suite> <!-- Test Suite -->
</testng-results>
